Arguments: 
  /opt/homebrew/Cellar/node/16.9.1/bin/node /opt/homebrew/Cellar/yarn/1.22.11/libexec/bin/yarn.js

PATH: 
  /usr/local/bin:/usr/bin:/bin:/usr/sbin:/sbin:/opt/homebrew/bin:/opt/homebrew/sbin

Yarn version: 
  1.22.11

Node version: 
  16.9.1

Platform: 
  darwin arm64

Trace: 
  Error: https://registry.npmjs.org/@lc-nut%2finterfaces: Not found
      at Request.params.callback [as _callback] (/opt/homebrew/Cellar/yarn/1.22.11/libexec/lib/cli.js:66992:18)
      at Request.self.callback (/opt/homebrew/Cellar/yarn/1.22.11/libexec/lib/cli.js:140763:22)
      at Request.emit (node:events:394:28)
      at Request.<anonymous> (/opt/homebrew/Cellar/yarn/1.22.11/libexec/lib/cli.js:141735:10)
      at Request.emit (node:events:394:28)
      at IncomingMessage.<anonymous> (/opt/homebrew/Cellar/yarn/1.22.11/libexec/lib/cli.js:141657:12)
      at Object.onceWrapper (node:events:513:28)
      at IncomingMessage.emit (node:events:406:35)
      at endReadableNT (node:internal/streams/readable:1343:12)
      at processTicksAndRejections (node:internal/process/task_queues:83:21)

npm manifest: 
  {
    "name": "@lc-nut/utils",
    "version": "1.0.3",
    "description": "",
    "main": "index.js",
    "scripts": {
      "test": "echo \"Error: no test specified\" && exit 1"
    },
    "author": "",
    "license": "ISC",
    "dependencies": {
      "@lc-nut/interfaces": "^1.0.0",
      "store": "^2.0.12",
      "uid": "^2.0.0",
      "umi-request": "^1.4.0"
    },
    "publishConfig": {
      "access": "public"
    },
    "gitHead": "fd6ff2070d1f3445ba41f6f929b7077d6edde2dc"
  }

yarn manifest: 
  No manifest

Lockfile: 
  # THIS IS AN AUTOGENERATED FILE. DO NOT EDIT THIS FILE DIRECTLY.
  # yarn lockfile v1
  
  
  "@lukeed/csprng@^1.0.0":
    "integrity" "sha512-ruuGHsnabmObBdeMg3vKdGRmh06Oog3eFpf/Tk6X0kDSJDpJTDCj2dqdp1+0VjzIUgHlFF9GBm7uFqfYhhdX9g=="
    "resolved" "https://registry.npmjs.org/@lukeed/csprng/-/csprng-1.0.0.tgz"
    "version" "1.0.0"
  
  "call-bind@^1.0.0":
    "integrity" "sha512-7O+FbCihrB5WGbFYesctwmTKae6rOiIzmz1icreWJ+0aA7LJfuqhEso2T9ncpcFtzMQtzXf2QGGueWJGTYsqrA=="
    "resolved" "https://registry.npmjs.org/call-bind/-/call-bind-1.0.2.tgz"
    "version" "1.0.2"
    dependencies:
      "function-bind" "^1.1.1"
      "get-intrinsic" "^1.0.2"
  
  "encoding@^0.1.11":
    "integrity" "sha512-ETBauow1T35Y/WZMkio9jiM0Z5xjHHmJ4XmjZOq1l/dXz3lr2sRn87nJy20RupqSh1F2m3HHPSp8ShIPQJrJ3A=="
    "resolved" "https://registry.npmjs.org/encoding/-/encoding-0.1.13.tgz"
    "version" "0.1.13"
    dependencies:
      "iconv-lite" "^0.6.2"
  
  "function-bind@^1.1.1":
    "integrity" "sha512-yIovAzMX49sF8Yl58fSCWJ5svSLuaibPxXQJFLmBObTuCr0Mf1KiPopGM9NiFjiYBCbfaa2Fh6breQ6ANVTI0A=="
    "resolved" "https://registry.npmjs.org/function-bind/-/function-bind-1.1.1.tgz"
    "version" "1.1.1"
  
  "get-intrinsic@^1.0.2":
    "integrity" "sha512-kWZrnVM42QCiEA2Ig1bG8zjoIMOgxWwYCEeNdwY6Tv/cOSeGpcoX4pXHfKUxNKVoArnrEr2e9srnAxxGIraS9Q=="
    "resolved" "https://registry.npmjs.org/get-intrinsic/-/get-intrinsic-1.1.1.tgz"
    "version" "1.1.1"
    dependencies:
      "function-bind" "^1.1.1"
      "has" "^1.0.3"
      "has-symbols" "^1.0.1"
  
  "has-symbols@^1.0.1":
    "integrity" "sha512-chXa79rL/UC2KlX17jo3vRGz0azaWEx5tGqZg5pO3NUyEJVB17dMruQlzCCOfUvElghKcm5194+BCRvi2Rv/Gw=="
    "resolved" "https://registry.npmjs.org/has-symbols/-/has-symbols-1.0.2.tgz"
    "version" "1.0.2"
  
  "has@^1.0.3":
    "integrity" "sha512-f2dvO0VU6Oej7RkWJGrehjbzMAjFp5/VKPp5tTpWIV4JHHZK1/BxbFRtf/siA2SWTe09caDmVtYYzWEIbBS4zw=="
    "resolved" "https://registry.npmjs.org/has/-/has-1.0.3.tgz"
    "version" "1.0.3"
    dependencies:
      "function-bind" "^1.1.1"
  
  "iconv-lite@^0.6.2":
    "integrity" "sha512-4fCk79wshMdzMp2rH06qWrJE4iolqLhCUH+OiuIgU++RB0+94NlDL81atO7GX55uUKueo0txHNtvEyI6D7WdMw=="
    "resolved" "https://registry.npmjs.org/iconv-lite/-/iconv-lite-0.6.3.tgz"
    "version" "0.6.3"
    dependencies:
      "safer-buffer" ">= 2.1.2 < 3.0.0"
  
  "interfaces@^0.0.3":
    "integrity" "sha1-09WEI54FCc99KNJxGrSFRQWCjmM="
    "resolved" "https://registry.npmjs.org/interfaces/-/interfaces-0.0.3.tgz"
    "version" "0.0.3"
    dependencies:
      "underscore" "*"
  
  "is-stream@^1.0.1":
    "integrity" "sha1-EtSj3U5o4Lec6428hBc66A2RykQ="
    "resolved" "https://registry.npmjs.org/is-stream/-/is-stream-1.1.0.tgz"
    "version" "1.1.0"
  
  "isomorphic-fetch@^2.2.1":
    "integrity" "sha1-YRrhrPFPXoH3KVB0coGf6XM1WKk="
    "resolved" "https://registry.npmjs.org/isomorphic-fetch/-/isomorphic-fetch-2.2.1.tgz"
    "version" "2.2.1"
    dependencies:
      "node-fetch" "^1.0.1"
      "whatwg-fetch" ">=0.10.0"
  
  "node-fetch@^1.0.1":
    "integrity" "sha512-NhZ4CsKx7cYm2vSrBAr2PvFOe6sWDf0UYLRqA6svUYg7+/TSfVAu49jYC4BvQ4Sms9SZgdqGBgroqfDhJdTyKQ=="
    "resolved" "https://registry.npmjs.org/node-fetch/-/node-fetch-1.7.3.tgz"
    "version" "1.7.3"
    dependencies:
      "encoding" "^0.1.11"
      "is-stream" "^1.0.1"
  
  "object-inspect@^1.9.0":
    "integrity" "sha512-jp7ikS6Sd3GxQfZJPyH3cjcbJF6GZPClgdV+EFygjFLQ5FmW/dRUnTd9PQ9k0JhoNDabWFbpF1yCdSWCC6gexg=="
    "resolved" "https://registry.npmjs.org/object-inspect/-/object-inspect-1.11.0.tgz"
    "version" "1.11.0"
  
  "qs@^6.9.1":
    "integrity" "sha512-M528Hph6wsSVOBiYUnGf+K/7w0hNshs/duGsNXPUCLH5XAqjEtiPGwNONLV0tBH8NoGb0mvD5JubnUTrujKDTg=="
    "resolved" "https://registry.npmjs.org/qs/-/qs-6.10.1.tgz"
    "version" "6.10.1"
    dependencies:
      "side-channel" "^1.0.4"
  
  "safer-buffer@>= 2.1.2 < 3.0.0":
    "integrity" "sha512-YZo3K82SD7Riyi0E1EQPojLz7kpepnSQI9IyPbHHg1XXXevb5dJI7tpyN2ADxGcQbHG7vcyRHk0cbwqcQriUtg=="
    "resolved" "https://registry.npmjs.org/safer-buffer/-/safer-buffer-2.1.2.tgz"
    "version" "2.1.2"
  
  "side-channel@^1.0.4":
    "integrity" "sha512-q5XPytqFEIKHkGdiMIrY10mvLRvnQh42/+GoBlFW3b2LXLE2xxJpZFdm94we0BaoV3RwJyGqg5wS7epxTv0Zvw=="
    "resolved" "https://registry.npmjs.org/side-channel/-/side-channel-1.0.4.tgz"
    "version" "1.0.4"
    dependencies:
      "call-bind" "^1.0.0"
      "get-intrinsic" "^1.0.2"
      "object-inspect" "^1.9.0"
  
  "store@^2.0.12":
    "integrity" "sha1-jFNOKguDH3K3X8XxEZhXxE711ZM="
    "resolved" "https://registry.npmjs.org/store/-/store-2.0.12.tgz"
    "version" "2.0.12"
  
  "uid@^2.0.0":
    "integrity" "sha512-hFw+zKBA1szYdbZWj6FjTxZzJnKNf+wTDcsxlJaXS64MCy9LQEmJUVieGYHCKek/WRyFIcs0cEXtGIQmfvHe2A=="
    "resolved" "https://registry.npmjs.org/uid/-/uid-2.0.0.tgz"
    "version" "2.0.0"
    dependencies:
      "@lukeed/csprng" "^1.0.0"
  
  "umi-request@^1.4.0":
    "integrity" "sha512-OknwtQZddZHi0Ggi+Vr/olJ7HNMx4AzlywyK0W3NZBT7B0stjeZ9lcztA85dBgdAj3KVk8uPJPZSnGaDjELhrA=="
    "resolved" "https://registry.npmjs.org/umi-request/-/umi-request-1.4.0.tgz"
    "version" "1.4.0"
    dependencies:
      "isomorphic-fetch" "^2.2.1"
      "qs" "^6.9.1"
  
  "underscore@*":
    "integrity" "sha512-hzSoAVtJF+3ZtiFX0VgfFPHEDRm7Y/QPjGyNo4TVdnDTdft3tr8hEkD25a1jC+TjTuE7tkHGKkhwCgs9dgBB2g=="
    "resolved" "https://registry.npmjs.org/underscore/-/underscore-1.13.1.tgz"
    "version" "1.13.1"
  
  "whatwg-fetch@>=0.10.0":
    "integrity" "sha512-bJlen0FcuU/0EMLrdbJ7zOnW6ITZLrZMIarMUVmdKtsGvZna8vxKYaexICWPfZ8qwf9fzNq+UEIZrnSaApt6RA=="
    "resolved" "https://registry.npmjs.org/whatwg-fetch/-/whatwg-fetch-3.6.2.tgz"
    "version" "3.6.2"
